2024-07-28 00:13:57 [scheduling-1] INFO  p6spy - #1722093237684 | took 0ms | rollback | connection 12017| url jdbc:h2:mem:test

;
2024-07-28 00:14:00 [scheduling-1] INFO  p6spy - #1722093240005 | took 0ms | rollback | connection 12020| url jdbc:h2:mem:test

;
2024-07-28 02:14:51 [scheduling-1] INFO  p6spy - #1722100491075 | took 0ms | rollback | connection 12025| url jdbc:h2:mem:test

;
2024-07-28 02:15:00 [scheduling-1] INFO  p6spy - #1722100500012 | took 0ms | rollback | connection 12028| url jdbc:h2:mem:test

;
2024-07-28 02:34:52 [scheduling-1] INFO  p6spy - #1722101692095 | took 0ms | rollback | connection 12029| url jdbc:h2:mem:test

;
2024-07-28 02:35:00 [scheduling-1] INFO  p6spy - #1722101700001 | took 0ms | rollback | connection 12032| url jdbc:h2:mem:test

;
2024-07-28 02:36:00 [scheduling-1] INFO  p6spy - #1722101760008 | took 0ms | rollback | connection 12036| url jdbc:h2:mem:test

;
2024-07-28 02:37:28 [scheduling-1] INFO  p6spy - #1722101848987 | took 0ms | rollback | connection 12038| url jdbc:h2:mem:test

;
2024-07-28 02:54:58 [scheduling-1] INFO  p6spy - #1722102898157 | took 0ms | rollback | connection 12042| url jdbc:h2:mem:test

;
2024-07-28 02:55:00 [scheduling-1] INFO  p6spy - #1722102900004 | took 0ms | rollback | connection 12044| url jdbc:h2:mem:test

;
2024-07-28 03:06:04 [scheduling-1] INFO  p6spy - #1722103564275 | took 0ms | rollback | connection 12048| url jdbc:h2:mem:test

;
2024-07-28 03:23:50 [scheduling-1] INFO  p6spy - #1722104630123 | took 0ms | rollback | connection 12052| url jdbc:h2:mem:test

;
2024-07-28 03:24:00 [scheduling-1] INFO  p6spy - #1722104640004 | took 0ms | rollback | connection 12054| url jdbc:h2:mem:test

;
2024-07-28 03:25:00 [scheduling-1] INFO  p6spy - #1722104700009 | took 0ms | rollback | connection 12058| url jdbc:h2:mem:test

;
2024-07-28 03:26:00 [scheduling-1] INFO  p6spy - #1722104760005 | took 0ms | rollback | connection 12060| url jdbc:h2:mem:test

;
2024-07-28 03:27:00 [scheduling-1] INFO  p6spy - #1722104820010 | took 0ms | rollback | connection 12063| url jdbc:h2:mem:test

;
2024-07-28 03:45:33 [scheduling-1] INFO  p6spy - #1722105933834 | took 0ms | rollback | connection 12065| url jdbc:h2:mem:test

;
2024-07-28 03:46:00 [scheduling-1] INFO  p6spy - #1722105960006 | took 0ms | rollback | connection 12070| url jdbc:h2:mem:test

;
2024-07-28 04:04:27 [scheduling-1] INFO  p6spy - #1722107067130 | took 0ms | rollback | connection 12072| url jdbc:h2:mem:test

;
2024-07-28 04:05:00 [scheduling-1] INFO  p6spy - #1722107100003 | took 0ms | rollback | connection 12074| url jdbc:h2:mem:test

;
2024-07-28 05:05:55 [scheduling-1] INFO  p6spy - #1722110755868 | took 0ms | rollback | connection 12079| url jdbc:h2:mem:test

;
2024-07-28 05:15:47 [scheduling-1] INFO  p6spy - #1722111347529 | took 0ms | rollback | connection 12082| url jdbc:h2:mem:test

;
2024-07-28 05:16:02 [scheduling-1] INFO  p6spy - #1722111362133 | took 0ms | rollback | connection 12084| url jdbc:h2:mem:test

;
2024-07-28 06:00:11 [scheduling-1] INFO  p6spy - #1722114011423 | took 0ms | rollback | connection 12088| url jdbc:h2:mem:test

;
2024-07-28 06:04:32 [scheduling-1] INFO  p6spy - #1722114272673 | took 0ms | rollback | connection 12091| url jdbc:h2:mem:test

;
2024-07-28 06:05:00 [scheduling-1] INFO  p6spy - #1722114300008 | took 0ms | rollback | connection 12093| url jdbc:h2:mem:test

;
2024-07-28 08:05:53 [scheduling-1] INFO  p6spy - #1722121553292 | took 0ms | rollback | connection 12095| url jdbc:h2:mem:test

;
2024-07-28 08:06:00 [scheduling-1] INFO  p6spy - #1722121560021 | took 0ms | rollback | connection 12100| url jdbc:h2:mem:test

;
2024-07-28 08:31:29 [scheduling-1] INFO  p6spy - #1722123089556 | took 0ms | rollback | connection 12103| url jdbc:h2:mem:test

;
2024-07-28 09:01:48 [scheduling-1] INFO  p6spy - #1722124908932 | took 0ms | rollback | connection 12105| url jdbc:h2:mem:test

;
2024-07-28 09:02:00 [scheduling-1] INFO  p6spy - #1722124920009 | took 0ms | rollback | connection 12109| url jdbc:h2:mem:test

;
2024-07-28 09:02:58 [scheduling-1] INFO  p6spy - #1722124978163 | took 0ms | rollback | connection 12110| url jdbc:h2:mem:test

;
2024-07-28 09:04:00 [scheduling-1] INFO  p6spy - #1722125040006 | took 0ms | rollback | connection 12114| url jdbc:h2:mem:test

;
2024-07-28 09:05:00 [scheduling-1] INFO  p6spy - #1722125100015 | took 0ms | rollback | connection 12116| url jdbc:h2:mem:test

;
2024-07-28 09:06:00 [scheduling-1] INFO  p6spy - #1722125160003 | took 0ms | rollback | connection 12119| url jdbc:h2:mem:test

;
2024-07-28 09:07:00 [scheduling-1] INFO  p6spy - #1722125220012 | took 0ms | rollback | connection 12123| url jdbc:h2:mem:test

;
2024-07-28 09:08:00 [scheduling-1] INFO  p6spy - #1722125280009 | took 0ms | rollback | connection 12125| url jdbc:h2:mem:test

;
2024-07-28 09:09:00 [scheduling-1] INFO  p6spy - #1722125340011 | took 0ms | rollback | connection 12129| url jdbc:h2:mem:test

;
2024-07-28 09:10:00 [scheduling-1] INFO  p6spy - #1722125400009 | took 0ms | rollback | connection 12131| url jdbc:h2:mem:test

;
2024-07-28 10:15:05 [scheduling-1] INFO  p6spy - #1722129305721 | took 0ms | rollback | connection 12134| url jdbc:h2:mem:test

;
2024-07-28 10:15:58 [scheduling-1] INFO  p6spy - #1722129358209 | took 0ms | rollback | connection 12139| url jdbc:h2:mem:test

;
2024-07-28 10:17:00 [scheduling-1] INFO  p6spy - #1722129420010 | took 0ms | rollback | connection 12141| url jdbc:h2:mem:test

;
2024-07-28 10:18:00 [scheduling-1] INFO  p6spy - #1722129480013 | took 0ms | rollback | connection 12144| url jdbc:h2:mem:test

;
2024-07-28 10:19:00 [scheduling-1] INFO  p6spy - #1722129540011 | took 0ms | rollback | connection 12148| url jdbc:h2:mem:test

;
2024-07-28 10:20:00 [scheduling-1] INFO  p6spy - #1722129600005 | took 0ms | rollback | connection 12150| url jdbc:h2:mem:test

;
2024-07-28 10:21:00 [scheduling-1] INFO  p6spy - #1722129660019 | took 0ms | rollback | connection 12154| url jdbc:h2:mem:test

;
2024-07-28 10:22:00 [scheduling-1] INFO  p6spy - #1722129720004 | took 0ms | rollback | connection 12155| url jdbc:h2:mem:test

;
2024-07-28 11:03:20 [scheduling-1] INFO  p6spy - #1722132200173 | took 0ms | rollback | connection 12159| url jdbc:h2:mem:test

;
2024-07-28 11:04:00 [scheduling-1] INFO  p6spy - #1722132240016 | took 0ms | rollback | connection 12162| url jdbc:h2:mem:test

;
2024-07-28 11:05:00 [scheduling-1] INFO  p6spy - #1722132300018 | took 0ms | rollback | connection 12165| url jdbc:h2:mem:test

;
2024-07-28 11:06:00 [scheduling-1] INFO  p6spy - #1722132360012 | took 0ms | rollback | connection 12168| url jdbc:h2:mem:test

;
2024-07-28 11:07:00 [scheduling-1] INFO  p6spy - #1722132420016 | took 0ms | rollback | connection 12171| url jdbc:h2:mem:test

;
2024-07-28 11:08:00 [scheduling-1] INFO  p6spy - #1722132480009 | took 0ms | rollback | connection 12173| url jdbc:h2:mem:test

;
2024-07-28 11:09:00 [scheduling-1] INFO  p6spy - #1722132540008 | took 0ms | rollback | connection 12176| url jdbc:h2:mem:test

;
2024-07-28 11:10:00 [scheduling-1] INFO  p6spy - #1722132600003 | took 0ms | rollback | connection 12179| url jdbc:h2:mem:test

;
2024-07-28 11:12:21 [scheduling-1] INFO  p6spy - #1722132741790 | took 0ms | rollback | connection 12184| url jdbc:h2:mem:test

;
2024-07-28 11:13:00 [scheduling-1] INFO  p6spy - #1722132780004 | took 0ms | rollback | connection 12186| url jdbc:h2:mem:test

;
2024-07-28 11:14:00 [scheduling-1] INFO  p6spy - #1722132840004 | took 0ms | rollback | connection 12190| url jdbc:h2:mem:test

;
2024-07-28 11:15:00 [scheduling-1] INFO  p6spy - #1722132900012 | took 0ms | rollback | connection 12193| url jdbc:h2:mem:test

;
2024-07-28 11:16:00 [scheduling-1] INFO  p6spy - #1722132960009 | took 0ms | rollback | connection 12194| url jdbc:h2:mem:test

;
2024-07-28 11:17:00 [scheduling-1] INFO  p6spy - #1722133020006 | took 0ms | rollback | connection 12198| url jdbc:h2:mem:test

;
2024-07-28 11:18:00 [scheduling-1] INFO  p6spy - #1722133080010 | took 0ms | rollback | connection 12201| url jdbc:h2:mem:test

;
2024-07-28 11:19:00 [scheduling-1] INFO  p6spy - #1722133140009 | took 0ms | rollback | connection 12204| url jdbc:h2:mem:test

;
2024-07-28 11:20:00 [scheduling-1] INFO  p6spy - #1722133200008 | took 0ms | rollback | connection 12207| url jdbc:h2:mem:test

;
2024-07-28 11:21:00 [scheduling-1] INFO  p6spy - #1722133260005 | took 0ms | rollback | connection 12211| url jdbc:h2:mem:test

;
2024-07-28 11:22:00 [scheduling-1] INFO  p6spy - #1722133320010 | took 0ms | rollback | connection 12212| url jdbc:h2:mem:test

;
2024-07-28 11:23:00 [scheduling-1] INFO  p6spy - #1722133380011 | took 0ms | rollback | connection 12217| url jdbc:h2:mem:test

;
2024-07-28 11:24:00 [scheduling-1] INFO  p6spy - #1722133440011 | took 0ms | rollback | connection 12220| url jdbc:h2:mem:test

;
2024-07-28 11:25:00 [scheduling-1] INFO  p6spy - #1722133500013 | took 0ms | rollback | connection 12221| url jdbc:h2:mem:test

;
2024-07-28 11:26:00 [scheduling-1] INFO  p6spy - #1722133560010 | took 0ms | rollback | connection 12225| url jdbc:h2:mem:test

;
2024-07-28 11:27:03 [scheduling-1] INFO  p6spy - #1722133623698 | took 0ms | rollback | connection 12229| url jdbc:h2:mem:test

;
2024-07-28 11:50:49 [scheduling-1] INFO  p6spy - #1722135049248 | took 0ms | rollback | connection 12231| url jdbc:h2:mem:test

;
2024-07-28 11:51:00 [scheduling-1] INFO  p6spy - #1722135060003 | took 0ms | rollback | connection 12234| url jdbc:h2:mem:test

;
2024-07-28 11:52:00 [scheduling-1] INFO  p6spy - #1722135120010 | took 0ms | rollback | connection 12238| url jdbc:h2:mem:test

;
2024-07-28 11:53:00 [scheduling-1] INFO  p6spy - #1722135180002 | took 0ms | rollback | connection 12239| url jdbc:h2:mem:test

;
2024-07-28 11:54:00 [scheduling-1] INFO  p6spy - #1722135240011 | took 0ms | rollback | connection 12244| url jdbc:h2:mem:test

;
2024-07-28 11:55:00 [scheduling-1] INFO  p6spy - #1722135300009 | took 0ms | rollback | connection 12246| url jdbc:h2:mem:test

;
2024-07-28 11:56:00 [scheduling-1] INFO  p6spy - #1722135360002 | took 0ms | rollback | connection 12248| url jdbc:h2:mem:test

;
2024-07-28 11:57:00 [scheduling-1] INFO  p6spy - #1722135420005 | took 0ms | rollback | connection 12253| url jdbc:h2:mem:test

;
2024-07-28 11:58:00 [scheduling-1] INFO  p6spy - #1722135480010 | took 0ms | rollback | connection 12256| url jdbc:h2:mem:test

;
2024-07-28 11:59:00 [scheduling-1] INFO  p6spy - #1722135540003 | took 0ms | rollback | connection 12257| url jdbc:h2:mem:test

;
2024-07-28 12:00:00 [scheduling-1] INFO  p6spy - #1722135600011 | took 0ms | rollback | connection 12262| url jdbc:h2:mem:test

;
2024-07-28 12:01:00 [scheduling-1] INFO  p6spy - #1722135660015 | took 0ms | rollback | connection 12264| url jdbc:h2:mem:test

;
2024-07-28 12:02:00 [scheduling-1] INFO  p6spy - #1722135720017 | took 0ms | rollback | connection 12267| url jdbc:h2:mem:test

;
2024-07-28 12:03:00 [scheduling-1] INFO  p6spy - #1722135780012 | took 0ms | rollback | connection 12270| url jdbc:h2:mem:test

;
2024-07-28 12:04:03 [scheduling-1] INFO  p6spy - #1722135843725 | took 0ms | rollback | connection 12274| url jdbc:h2:mem:test

;
2024-07-28 12:07:29 [scheduling-1] INFO  p6spy - #1722136049943 | took 0ms | rollback | connection 12275| url jdbc:h2:mem:test

;
2024-07-28 12:08:00 [scheduling-1] INFO  p6spy - #1722136080002 | took 0ms | rollback | connection 12278| url jdbc:h2:mem:test

;
2024-07-28 12:09:00 [scheduling-1] INFO  p6spy - #1722136140010 | took 0ms | rollback | connection 12282| url jdbc:h2:mem:test

;
2024-07-28 12:10:00 [scheduling-1] INFO  p6spy - #1722136200002 | took 0ms | rollback | connection 12284| url jdbc:h2:mem:test

;
2024-07-28 12:11:00 [scheduling-1] INFO  p6spy - #1722136260013 | took 0ms | rollback | connection 12289| url jdbc:h2:mem:test

;
2024-07-28 12:12:00 [scheduling-1] INFO  p6spy - #1722136320005 | took 0ms | rollback | connection 12292| url jdbc:h2:mem:test

;
2024-07-28 12:13:00 [scheduling-1] INFO  p6spy - #1722136380003 | took 0ms | rollback | connection 12294| url jdbc:h2:mem:test

;
2024-07-28 12:14:00 [scheduling-1] INFO  p6spy - #1722136440005 | took 0ms | rollback | connection 12297| url jdbc:h2:mem:test

;
2024-07-28 12:15:00 [scheduling-1] INFO  p6spy - #1722136500005 | took 0ms | rollback | connection 12300| url jdbc:h2:mem:test

;
2024-07-28 12:16:00 [scheduling-1] INFO  p6spy - #1722136560003 | took 0ms | rollback | connection 12302| url jdbc:h2:mem:test

;
2024-07-28 12:17:00 [scheduling-1] INFO  p6spy - #1722136620008 | took 0ms | rollback | connection 12307| url jdbc:h2:mem:test

;
2024-07-28 12:18:00 [scheduling-1] INFO  p6spy - #1722136680005 | took 0ms | rollback | connection 12308| url jdbc:h2:mem:test

;
2024-07-28 12:19:00 [scheduling-1] INFO  p6spy - #1722136740008 | took 0ms | rollback | connection 12311| url jdbc:h2:mem:test

;
2024-07-28 12:23:52 [scheduling-1] INFO  p6spy - #1722137032998 | took 0ms | rollback | connection 12314| url jdbc:h2:mem:test

;
2024-07-28 12:24:00 [scheduling-1] INFO  p6spy - #1722137040006 | took 0ms | rollback | connection 12319| url jdbc:h2:mem:test

;
2024-07-28 12:35:20 [scheduling-1] INFO  p6spy - #1722137720203 | took 0ms | rollback | connection 12321| url jdbc:h2:mem:test

;
2024-07-28 12:36:00 [scheduling-1] INFO  p6spy - #1722137760067 | took 0ms | rollback | connection 12323| url jdbc:h2:mem:test

;
2024-07-28 12:41:19 [scheduling-1] INFO  p6spy - #1722138079283 | took 0ms | rollback | connection 12327| url jdbc:h2:mem:test

;
2024-07-28 13:52:28 [scheduling-1] INFO  p6spy - #1722142348747 | took 0ms | rollback | connection 12331| url jdbc:h2:mem:test

;
2024-07-28 13:53:00 [scheduling-1] INFO  p6spy - #1722142380007 | took 0ms | rollback | connection 12332| url jdbc:h2:mem:test

;
2024-07-28 13:54:00 [scheduling-1] INFO  p6spy - #1722142440042 | took 0ms | rollback | connection 12337| url jdbc:h2:mem:test

;
2024-07-28 13:55:00 [scheduling-1] INFO  p6spy - #1722142500017 | took 0ms | rollback | connection 12338| url jdbc:h2:mem:test

;
2024-07-28 13:56:00 [scheduling-1] INFO  p6spy - #1722142560012 | took 0ms | rollback | connection 12343| url jdbc:h2:mem:test

;
2024-07-28 13:57:00 [scheduling-1] INFO  p6spy - #1722142620005 | took 0ms | rollback | connection 12346| url jdbc:h2:mem:test

;
2024-07-28 13:58:00 [scheduling-1] INFO  p6spy - #1722142680009 | took 0ms | rollback | connection 12349| url jdbc:h2:mem:test

;
2024-07-28 13:59:00 [scheduling-1] INFO  p6spy - #1722142740013 | took 0ms | rollback | connection 12351| url jdbc:h2:mem:test

;
2024-07-28 14:00:00 [scheduling-1] INFO  p6spy - #1722142800010 | took 0ms | rollback | connection 12354| url jdbc:h2:mem:test

;
2024-07-28 14:01:00 [scheduling-1] INFO  p6spy - #1722142860012 | took 0ms | rollback | connection 12357| url jdbc:h2:mem:test

;
2024-07-28 14:02:00 [scheduling-1] INFO  p6spy - #1722142920010 | took 0ms | rollback | connection 12359| url jdbc:h2:mem:test

;
2024-07-28 14:03:00 [scheduling-1] INFO  p6spy - #1722142980014 | took 0ms | rollback | connection 12364| url jdbc:h2:mem:test

;
2024-07-28 14:04:00 [scheduling-1] INFO  p6spy - #1722143040004 | took 0ms | rollback | connection 12366| url jdbc:h2:mem:test

;
2024-07-28 14:05:00 [scheduling-1] INFO  p6spy - #1722143100014 | took 0ms | rollback | connection 12370| url jdbc:h2:mem:test

;
2024-07-28 14:06:00 [scheduling-1] INFO  p6spy - #1722143160003 | took 0ms | rollback | connection 12372| url jdbc:h2:mem:test

;
2024-07-28 14:07:00 [scheduling-1] INFO  p6spy - #1722143220008 | took 0ms | rollback | connection 12376| url jdbc:h2:mem:test

;
2024-07-28 14:07:59 [scheduling-1] INFO  p6spy - #1722143279722 | took 0ms | rollback | connection 12378| url jdbc:h2:mem:test

;
2024-07-28 14:09:00 [scheduling-1] INFO  p6spy - #1722143340010 | took 0ms | rollback | connection 12380| url jdbc:h2:mem:test

;
2024-07-28 14:10:00 [scheduling-1] INFO  p6spy - #1722143400004 | took 0ms | rollback | connection 12383| url jdbc:h2:mem:test

;
2024-07-28 14:11:00 [scheduling-1] INFO  p6spy - #1722143460004 | took 0ms | rollback | connection 12387| url jdbc:h2:mem:test

;
2024-07-28 14:12:00 [scheduling-1] INFO  p6spy - #1722143520002 | took 0ms | rollback | connection 12389| url jdbc:h2:mem:test

;
2024-07-28 14:13:00 [scheduling-1] INFO  p6spy - #1722143580004 | took 0ms | rollback | connection 12393| url jdbc:h2:mem:test

;
2024-07-28 14:14:00 [scheduling-1] INFO  p6spy - #1722143640012 | took 0ms | rollback | connection 12396| url jdbc:h2:mem:test

;
2024-07-28 14:27:45 [scheduling-1] INFO  p6spy - #1722144465376 | took 0ms | rollback | connection 12398| url jdbc:h2:mem:test

;
2024-07-28 14:28:00 [scheduling-1] INFO  p6spy - #1722144480020 | took 0ms | rollback | connection 12403| url jdbc:h2:mem:test

;
2024-07-28 14:29:00 [scheduling-1] INFO  p6spy - #1722144540012 | took 0ms | rollback | connection 12404| url jdbc:h2:mem:test

;
2024-07-28 14:30:00 [scheduling-1] INFO  p6spy - #1722144600007 | took 0ms | rollback | connection 12407| url jdbc:h2:mem:test

;
2024-07-28 14:31:00 [scheduling-1] INFO  p6spy - #1722144660007 | took 0ms | rollback | connection 12410| url jdbc:h2:mem:test

;
2024-07-28 14:32:00 [scheduling-1] INFO  p6spy - #1722144720012 | took 0ms | rollback | connection 12414| url jdbc:h2:mem:test

;
2024-07-28 14:33:00 [scheduling-1] INFO  p6spy - #1722144780006 | took 0ms | rollback | connection 12417| url jdbc:h2:mem:test

;
2024-07-28 14:34:00 [scheduling-1] INFO  p6spy - #1722144840012 | took 0ms | rollback | connection 12421| url jdbc:h2:mem:test

;
2024-07-28 14:35:00 [scheduling-1] INFO  p6spy - #1722144900009 | took 0ms | rollback | connection 12424| url jdbc:h2:mem:test

;
2024-07-28 14:36:00 [scheduling-1] INFO  p6spy - #1722144960010 | took 0ms | rollback | connection 12426| url jdbc:h2:mem:test

;
2024-07-28 14:37:00 [scheduling-1] INFO  p6spy - #1722145020018 | took 0ms | rollback | connection 12430| url jdbc:h2:mem:test

;
2024-07-28 14:38:00 [scheduling-1] INFO  p6spy - #1722145080012 | took 0ms | rollback | connection 12432| url jdbc:h2:mem:test

;
2024-07-28 14:39:00 [scheduling-1] INFO  p6spy - #1722145140017 | took 0ms | rollback | connection 12436| url jdbc:h2:mem:test

;
2024-07-28 14:40:00 [scheduling-1] INFO  p6spy - #1722145200011 | took 0ms | rollback | connection 12439| url jdbc:h2:mem:test

;
2024-07-28 14:41:00 [scheduling-1] INFO  p6spy - #1722145260012 | took 0ms | rollback | connection 12440| url jdbc:h2:mem:test

;
2024-07-28 14:42:00 [scheduling-1] INFO  p6spy - #1722145320012 | took 0ms | rollback | connection 12444| url jdbc:h2:mem:test

;
2024-07-28 14:43:00 [scheduling-1] INFO  p6spy - #1722145380017 | took 0ms | rollback | connection 12448| url jdbc:h2:mem:test

;
2024-07-28 14:44:00 [scheduling-1] INFO  p6spy - #1722145440013 | took 0ms | rollback | connection 12450| url jdbc:h2:mem:test

;
2024-07-28 14:45:00 [scheduling-1] INFO  p6spy - #1722145500007 | took 0ms | rollback | connection 12452| url jdbc:h2:mem:test

;
2024-07-28 14:46:00 [scheduling-1] INFO  p6spy - #1722145560012 | took 0ms | rollback | connection 12457| url jdbc:h2:mem:test

;
2024-07-28 14:47:00 [scheduling-1] INFO  p6spy - #1722145620021 | took 0ms | rollback | connection 12460| url jdbc:h2:mem:test

;
2024-07-28 14:48:00 [scheduling-1] INFO  p6spy - #1722145680009 | took 0ms | rollback | connection 12462| url jdbc:h2:mem:test

;
2024-07-28 14:48:57 [scheduling-1] INFO  p6spy - #1722145737957 | took 0ms | rollback | connection 12464| url jdbc:h2:mem:test

;
2024-07-28 14:50:00 [scheduling-1] INFO  p6spy - #1722145800012 | took 0ms | rollback | connection 12468| url jdbc:h2:mem:test

;
2024-07-28 14:51:00 [scheduling-1] INFO  p6spy - #1722145860015 | took 0ms | rollback | connection 12471| url jdbc:h2:mem:test

;
2024-07-28 14:52:00 [scheduling-1] INFO  p6spy - #1722145920012 | took 0ms | rollback | connection 12475| url jdbc:h2:mem:test

;
2024-07-28 14:53:00 [scheduling-1] INFO  p6spy - #1722145980020 | took 0ms | rollback | connection 12478| url jdbc:h2:mem:test

;
2024-07-28 14:54:00 [scheduling-1] INFO  p6spy - #1722146040014 | took 0ms | rollback | connection 12480| url jdbc:h2:mem:test

;
2024-07-28 14:55:00 [scheduling-1] INFO  p6spy - #1722146100011 | took 0ms | rollback | connection 12483| url jdbc:h2:mem:test

;
2024-07-28 14:56:00 [scheduling-1] INFO  p6spy - #1722146160002 | took 0ms | rollback | connection 12485| url jdbc:h2:mem:test

;
2024-07-28 14:57:00 [scheduling-1] INFO  p6spy - #1722146220011 | took 0ms | rollback | connection 12489| url jdbc:h2:mem:test

;
2024-07-28 14:58:00 [scheduling-1] INFO  p6spy - #1722146280013 | took 0ms | rollback | connection 12493| url jdbc:h2:mem:test

;
2024-07-28 14:59:00 [scheduling-1] INFO  p6spy - #1722146340010 | took 0ms | rollback | connection 12495| url jdbc:h2:mem:test

;
2024-07-28 15:00:00 [scheduling-1] INFO  p6spy - #1722146400010 | took 0ms | rollback | connection 12499| url jdbc:h2:mem:test

;
2024-07-28 15:01:00 [scheduling-1] INFO  p6spy - #1722146460011 | took 0ms | rollback | connection 12500| url jdbc:h2:mem:test

;
2024-07-28 15:02:00 [scheduling-1] INFO  p6spy - #1722146520020 | took 0ms | rollback | connection 12505| url jdbc:h2:mem:test

;
2024-07-28 15:03:00 [scheduling-1] INFO  p6spy - #1722146580015 | took 0ms | rollback | connection 12507| url jdbc:h2:mem:test

;
2024-07-28 15:04:00 [scheduling-1] INFO  p6spy - #1722146640014 | took 0ms | rollback | connection 12511| url jdbc:h2:mem:test

;
2024-07-28 15:05:00 [scheduling-1] INFO  p6spy - #1722146700015 | took 0ms | rollback | connection 12513| url jdbc:h2:mem:test

;
2024-07-28 15:06:00 [scheduling-1] INFO  p6spy - #1722146760011 | took 0ms | rollback | connection 12515| url jdbc:h2:mem:test

;
2024-07-28 15:07:00 [scheduling-1] INFO  p6spy - #1722146820009 | took 0ms | rollback | connection 12519| url jdbc:h2:mem:test

;
2024-07-28 15:08:00 [scheduling-1] INFO  p6spy - #1722146880018 | took 0ms | rollback | connection 12523| url jdbc:h2:mem:test

;
2024-07-28 15:09:00 [scheduling-1] INFO  p6spy - #1722146940011 | took 0ms | rollback | connection 12524| url jdbc:h2:mem:test

;
2024-07-28 15:10:00 [scheduling-1] INFO  p6spy - #1722147000015 | took 0ms | rollback | connection 12529| url jdbc:h2:mem:test

;
2024-07-28 15:11:00 [scheduling-1] INFO  p6spy - #1722147060015 | took 0ms | rollback | connection 12532| url jdbc:h2:mem:test

;
2024-07-28 15:12:00 [scheduling-1] INFO  p6spy - #1722147120008 | took 0ms | rollback | connection 12534| url jdbc:h2:mem:test

;
2024-07-28 15:13:00 [scheduling-1] INFO  p6spy - #1722147180013 | took 0ms | rollback | connection 12538| url jdbc:h2:mem:test

;
2024-07-28 15:14:00 [scheduling-1] INFO  p6spy - #1722147240007 | took 0ms | rollback | connection 12539| url jdbc:h2:mem:test

;
2024-07-28 15:15:00 [scheduling-1] INFO  p6spy - #1722147300013 | took 0ms | rollback | connection 12544| url jdbc:h2:mem:test

;
2024-07-28 15:16:00 [scheduling-1] INFO  p6spy - #1722147360012 | took 0ms | rollback | connection 12546| url jdbc:h2:mem:test

;
2024-07-28 15:17:00 [scheduling-1] INFO  p6spy - #1722147420007 | took 0ms | rollback | connection 12548| url jdbc:h2:mem:test

;
2024-07-28 15:18:00 [scheduling-1] INFO  p6spy - #1722147480010 | took 0ms | rollback | connection 12551| url jdbc:h2:mem:test

;
2024-07-28 15:19:02 [scheduling-1] INFO  p6spy - #1722147542006 | took 0ms | rollback | connection 12555| url jdbc:h2:mem:test

;
2024-07-28 15:20:00 [scheduling-1] INFO  p6spy - #1722147600013 | took 0ms | rollback | connection 12558| url jdbc:h2:mem:test

;
2024-07-28 15:21:00 [scheduling-1] INFO  p6spy - #1722147660007 | took 0ms | rollback | connection 12562| url jdbc:h2:mem:test

;
2024-07-28 15:22:00 [scheduling-1] INFO  p6spy - #1722147720005 | took 0ms | rollback | connection 12565| url jdbc:h2:mem:test

;
2024-07-28 15:23:00 [scheduling-1] INFO  p6spy - #1722147780017 | took 0ms | rollback | connection 12568| url jdbc:h2:mem:test

;
2024-07-28 15:24:00 [scheduling-1] INFO  p6spy - #1722147840008 | took 0ms | rollback | connection 12569| url jdbc:h2:mem:test

;
2024-07-28 15:25:00 [scheduling-1] INFO  p6spy - #1722147900009 | took 0ms | rollback | connection 12573| url jdbc:h2:mem:test

;
2024-07-28 15:26:00 [scheduling-1] INFO  p6spy - #1722147960005 | took 0ms | rollback | connection 12575| url jdbc:h2:mem:test

;
2024-07-28 15:27:00 [scheduling-1] INFO  p6spy - #1722148020013 | took 0ms | rollback | connection 12580| url jdbc:h2:mem:test

;
2024-07-28 15:28:00 [scheduling-1] INFO  p6spy - #1722148080013 | took 0ms | rollback | connection 12582| url jdbc:h2:mem:test

;
2024-07-28 15:29:00 [scheduling-1] INFO  p6spy - #1722148140006 | took 0ms | rollback | connection 12584| url jdbc:h2:mem:test

;
2024-07-28 15:30:00 [scheduling-1] INFO  p6spy - #1722148200011 | took 0ms | rollback | connection 12589| url jdbc:h2:mem:test

;
2024-07-28 15:31:00 [scheduling-1] INFO  p6spy - #1722148260011 | took 0ms | rollback | connection 12591| url jdbc:h2:mem:test

;
2024-07-28 15:32:00 [scheduling-1] INFO  p6spy - #1722148320002 | took 0ms | rollback | connection 12593| url jdbc:h2:mem:test

;
2024-07-28 15:33:00 [scheduling-1] INFO  p6spy - #1722148380012 | took 0ms | rollback | connection 12597| url jdbc:h2:mem:test

;
2024-07-28 15:34:00 [scheduling-1] INFO  p6spy - #1722148440044 | took 0ms | rollback | connection 12600| url jdbc:h2:mem:test

;
2024-07-28 15:35:00 [scheduling-1] INFO  p6spy - #1722148500018 | took 0ms | rollback | connection 12603| url jdbc:h2:mem:test

;
2024-07-28 15:36:00 [scheduling-1] INFO  p6spy - #1722148560012 | took 0ms | rollback | connection 12606| url jdbc:h2:mem:test

;
2024-07-28 15:37:00 [scheduling-1] INFO  p6spy - #1722148620019 | took 0ms | rollback | connection 12608| url jdbc:h2:mem:test

;
2024-07-28 15:38:00 [scheduling-1] INFO  p6spy - #1722148680005 | took 0ms | rollback | connection 12612| url jdbc:h2:mem:test

;
2024-07-28 15:39:00 [scheduling-1] INFO  p6spy - #1722148740005 | took 0ms | rollback | connection 12614| url jdbc:h2:mem:test

;
2024-07-28 16:10:01 [scheduling-1] INFO  p6spy - #1722150601725 | took 0ms | rollback | connection 12618| url jdbc:h2:mem:test

;
2024-07-28 16:26:01 [scheduling-1] INFO  p6spy - #1722151561198 | took 0ms | rollback | connection 12621| url jdbc:h2:mem:test

;
2024-07-28 16:43:54 [scheduling-1] INFO  p6spy - #1722152634660 | took 0ms | rollback | connection 12625| url jdbc:h2:mem:test

;
2024-07-28 16:44:00 [scheduling-1] INFO  p6spy - #1722152640005 | took 0ms | rollback | connection 12627| url jdbc:h2:mem:test

;
2024-07-28 16:45:00 [scheduling-1] INFO  p6spy - #1722152700007 | took 0ms | rollback | connection 12631| url jdbc:h2:mem:test

;
2024-07-28 16:46:00 [scheduling-1] INFO  p6spy - #1722152760012 | took 0ms | rollback | connection 12633| url jdbc:h2:mem:test

;
2024-07-28 16:47:00 [scheduling-1] INFO  p6spy - #1722152820012 | took 0ms | rollback | connection 12635| url jdbc:h2:mem:test

;
2024-07-28 16:48:00 [scheduling-1] INFO  p6spy - #1722152880007 | took 0ms | rollback | connection 12640| url jdbc:h2:mem:test

;
2024-07-28 16:49:00 [scheduling-1] INFO  p6spy - #1722152940007 | took 0ms | rollback | connection 12642| url jdbc:h2:mem:test

;
2024-07-28 16:50:00 [scheduling-1] INFO  p6spy - #1722153000009 | took 0ms | rollback | connection 12644| url jdbc:h2:mem:test

;
2024-07-28 16:51:00 [scheduling-1] INFO  p6spy - #1722153060007 | took 0ms | rollback | connection 12649| url jdbc:h2:mem:test

;
2024-07-28 16:52:00 [scheduling-1] INFO  p6spy - #1722153120006 | took 0ms | rollback | connection 12650| url jdbc:h2:mem:test

;
2024-07-28 16:53:00 [scheduling-1] INFO  p6spy - #1722153180011 | took 0ms | rollback | connection 12654| url jdbc:h2:mem:test

;
2024-07-28 16:54:00 [scheduling-1] INFO  p6spy - #1722153240012 | took 0ms | rollback | connection 12656| url jdbc:h2:mem:test

;
2024-07-28 16:55:00 [scheduling-1] INFO  p6spy - #1722153300009 | took 0ms | rollback | connection 12661| url jdbc:h2:mem:test

;
2024-07-28 16:56:00 [scheduling-1] INFO  p6spy - #1722153360010 | took 0ms | rollback | connection 12662| url jdbc:h2:mem:test

;
2024-07-28 16:57:00 [scheduling-1] INFO  p6spy - #1722153420006 | took 0ms | rollback | connection 12666| url jdbc:h2:mem:test

;
2024-07-28 16:58:00 [scheduling-1] INFO  p6spy - #1722153480008 | took 0ms | rollback | connection 12668| url jdbc:h2:mem:test

;
2024-07-28 16:59:00 [scheduling-1] INFO  p6spy - #1722153540004 | took 0ms | rollback | connection 12671| url jdbc:h2:mem:test

;
2024-07-28 17:00:00 [scheduling-1] INFO  p6spy - #1722153600010 | took 0ms | rollback | connection 12674| url jdbc:h2:mem:test

;
2024-07-28 17:01:00 [scheduling-1] INFO  p6spy - #1722153660008 | took 0ms | rollback | connection 12679| url jdbc:h2:mem:test

;
2024-07-28 17:02:00 [scheduling-1] INFO  p6spy - #1722153720011 | took 0ms | rollback | connection 12680| url jdbc:h2:mem:test

;
2024-07-28 17:03:00 [scheduling-1] INFO  p6spy - #1722153780025 | took 0ms | rollback | connection 12685| url jdbc:h2:mem:test

;
2024-07-28 17:04:00 [scheduling-1] INFO  p6spy - #1722153840010 | took 0ms | rollback | connection 12686| url jdbc:h2:mem:test

;
2024-07-28 17:05:00 [scheduling-1] INFO  p6spy - #1722153900019 | took 0ms | rollback | connection 12691| url jdbc:h2:mem:test

;
2024-07-28 17:06:00 [scheduling-1] INFO  p6spy - #1722153960005 | took 0ms | rollback | connection 12692| url jdbc:h2:mem:test

;
2024-07-28 17:07:00 [scheduling-1] INFO  p6spy - #1722154020009 | took 0ms | rollback | connection 12697| url jdbc:h2:mem:test

;
2024-07-28 17:08:00 [scheduling-1] INFO  p6spy - #1722154080004 | took 0ms | rollback | connection 12698| url jdbc:h2:mem:test

;
2024-07-28 17:09:00 [scheduling-1] INFO  p6spy - #1722154140006 | took 0ms | rollback | connection 12701| url jdbc:h2:mem:test

;
2024-07-28 17:10:00 [scheduling-1] INFO  p6spy - #1722154200008 | took 0ms | rollback | connection 12704| url jdbc:h2:mem:test

;
2024-07-28 17:11:00 [scheduling-1] INFO  p6spy - #1722154260007 | took 0ms | rollback | connection 12709| url jdbc:h2:mem:test

;
2024-07-28 17:12:00 [scheduling-1] INFO  p6spy - #1722154320015 | took 0ms | rollback | connection 12712| url jdbc:h2:mem:test

;
2024-07-28 17:22:56 [scheduling-1] INFO  p6spy - #1722154976237 | took 0ms | rollback | connection 12713| url jdbc:h2:mem:test

;
2024-07-28 17:23:00 [scheduling-1] INFO  p6spy - #1722154980012 | took 0ms | rollback | connection 12718| url jdbc:h2:mem:test

;
2024-07-28 21:33:35 [scheduling-1] INFO  p6spy - #1722170015400 | took 0ms | rollback | connection 12720| url jdbc:h2:mem:test

;
2024-07-28 21:34:00 [scheduling-1] INFO  p6spy - #1722170040511 | took 0ms | rollback | connection 12722| url jdbc:h2:mem:test

;
2024-07-28 21:35:02 [scheduling-1] INFO  p6spy - #1722170102590 | took 0ms | rollback | connection 12725| url jdbc:h2:mem:test

;
2024-07-28 21:36:00 [scheduling-1] INFO  p6spy - #1722170160014 | took 0ms | rollback | connection 12730| url jdbc:h2:mem:test

;
2024-07-28 21:37:00 [scheduling-1] INFO  p6spy - #1722170220005 | took 0ms | rollback | connection 12731| url jdbc:h2:mem:test

;
2024-07-28 21:38:00 [scheduling-1] INFO  p6spy - #1722170280008 | took 0ms | rollback | connection 12736| url jdbc:h2:mem:test

;
2024-07-28 21:39:00 [scheduling-1] INFO  p6spy - #1722170340015 | took 0ms | rollback | connection 12738| url jdbc:h2:mem:test

;
2024-07-28 21:40:00 [scheduling-1] INFO  p6spy - #1722170400005 | took 0ms | rollback | connection 12740| url jdbc:h2:mem:test

;
2024-07-28 21:40:02 [SpringApplicationShutdownHook] INFO  o.s.o.j.LocalContainerEntityManagerFactoryBean - Closing JPA EntityManagerFactory for persistence unit 'default'
2024-07-28 21:40:02 [SpringApplicationShutdownHook] INFO  p6spy - #1722170402298 | took 5ms | statement | connection 12743| url jdbc:h2:mem:test

    drop table if exists app_user cascade 

    drop table if exists app_user cascade ;
2024-07-28 21:40:02 [SpringApplicationShutdownHook] INFO  p6spy - #1722170402300 | took 0ms | statement | connection 12743| url jdbc:h2:mem:test

    drop table if exists concert cascade 

    drop table if exists concert cascade ;
2024-07-28 21:40:02 [SpringApplicationShutdownHook] INFO  p6spy - #1722170402301 | took 0ms | statement | connection 12743| url jdbc:h2:mem:test

    drop table if exists concert_schedule cascade 

    drop table if exists concert_schedule cascade ;
2024-07-28 21:40:02 [SpringApplicationShutdownHook] INFO  p6spy - #1722170402301 | took 0ms | statement | connection 12743| url jdbc:h2:mem:test

    drop table if exists payment cascade 

    drop table if exists payment cascade ;
2024-07-28 21:40:02 [SpringApplicationShutdownHook] INFO  p6spy - #1722170402302 | took 0ms | statement | connection 12743| url jdbc:h2:mem:test

    drop table if exists queue_token cascade 

    drop table if exists queue_token cascade ;
2024-07-28 21:40:02 [SpringApplicationShutdownHook] INFO  p6spy - #1722170402302 | took 0ms | statement | connection 12743| url jdbc:h2:mem:test

    drop table if exists reservation cascade 

    drop table if exists reservation cascade ;
2024-07-28 21:40:02 [SpringApplicationShutdownHook] INFO  p6spy - #1722170402302 | took 0ms | statement | connection 12743| url jdbc:h2:mem:test

    drop table if exists seat cascade 

    drop table if exists seat cascade ;
2024-07-28 21:40:02 [SpringApplicationShutdownHook] INFO  com.zaxxer.hikari.HikariDataSource - HikariPool-1 - Shutdown initiated...
2024-07-28 21:40:02 [SpringApplicationShutdownHook] INFO  com.zaxxer.hikari.HikariDataSource - HikariPool-1 - Shutdown completed.
